17:35:21.915 Config: {
	"UseFrontend": false,
	"UseMatchmaker": false,
	"UseHTTPS": false,
	"UseAuthentication": false,
	"LogToFile": true,
	"LogVerbose": true,
	"HomepageFile": "/Public/player.html",
	"AdditionalRoutes": {},
	"EnableWebserver": true,
	"MatchmakerAddress": "",
	"MatchmakerPort": "9999",
	"PublicIp": "localhost",
	"HttpPort": 80,
	"HttpsPort": 443,
	"StreamerPort": 8888,
	"SFUPort": 8889
}
17:35:22.024 No peerConnectionConfig
17:35:22.032 Running Cirrus - The Pixel Streaming reference implementation signalling server for Unreal Engine 5.0.
17:35:22.077 WebSocket listening for Streamer connections on :8888
17:35:22.078 WebSocket listening for SFU connections on :8889
17:35:22.079 WebSocket listening for Players connections on :80
17:35:22.080 Http listening on *: 80
