10:44:45.485 Config: {
	"UseFrontend": false,
	"UseMatchmaker": false,
	"UseHTTPS": false,
	"UseAuthentication": false,
	"LogToFile": true,
	"LogVerbose": true,
	"HomepageFile": "/Public/player.html",
	"AdditionalRoutes": {},
	"EnableWebserver": true,
	"MatchmakerAddress": "",
	"MatchmakerPort": "9999",
	"PublicIp": "localhost",
	"HttpPort": 80,
	"HttpsPort": 443,
	"StreamerPort": 8888,
	"SFUPort": 8889
}
10:44:45.509 No peerConnectionConfig
10:44:45.513 Running Cirrus - The Pixel Streaming reference implementation signalling server for Unreal Engine 5.0.
10:44:45.524 WebSocket listening for Streamer connections on :8888
10:44:45.525 WebSocket listening for SFU connections on :8889
10:44:45.525 WebSocket listening for Players connections on :80
10:44:45.527 Http listening on *: 80
