10:45:49.792 Config: {
	"UseFrontend": false,
	"UseMatchmaker": false,
	"UseHTTPS": false,
	"UseAuthentication": false,
	"LogToFile": true,
	"LogVerbose": true,
	"HomepageFile": "/Public/player.html",
	"AdditionalRoutes": {},
	"EnableWebserver": true,
	"MatchmakerAddress": "",
	"MatchmakerPort": "9999",
	"PublicIp": "localhost",
	"HttpPort": 80,
	"HttpsPort": 443,
	"StreamerPort": 8888,
	"SFUPort": 8889
}
10:45:49.911 No peerConnectionConfig
10:45:49.916 Running Cirrus - The Pixel Streaming reference implementation signalling server for Unreal Engine 5.0.
10:45:49.951 WebSocket listening for Streamer connections on :8888
10:45:49.952 WebSocket listening for SFU connections on :8889
10:45:49.952 WebSocket listening for Players connections on :80
10:45:49.953 Http listening on *: 80
10:46:53.531 Streamer connected: ::1
10:47:06.733 killing all players
